<?xml version="1.0" encoding="UTF-8"?>
<testng-results ignored="0" total="1" passed="1" failed="0" skipped="0">
  <reporter-output>
  </reporter-output>
  <suite started-at="2022-10-17T12:09:17 IST" name="Default suite" finished-at="2022-10-17T12:09:53 IST" duration-ms="35969">
    <groups>
    </groups>
    <test started-at="2022-10-17T12:09:17 IST" name="Default test" finished-at="2022-10-17T12:09:53 IST" duration-ms="35969">
      <class name="com.inetBankingProject.test_case.LoginTC_01">
        <test-method is-config="true" signature="setUp(java.lang.String, java.lang.String)[pri:0, instance:com.inetBankingProject.test_case.LoginTC_01@247d8ae]" started-at="2022-10-17T12:09:17 IST" name="setUp" finished-at="2022-10-17T12:09:50 IST" duration-ms="32765" status="PASS">
          <params>
            <param index="0">
              <value>
                <![CDATA[chrome]]>
              </value>
            </param>
            <param index="1">
              <value>
                <![CDATA[https://demo.guru99.com/V4/]]>
              </value>
            </param>
          </params>
          <reporter-output>
          </reporter-output>
        </test-method> <!-- setUp -->
        <test-method signature="TC_001()[pri:0, instance:com.inetBankingProject.test_case.LoginTC_01@247d8ae]" started-at="2022-10-17T12:09:50 IST" name="TC_001" finished-at="2022-10-17T12:09:53 IST" duration-ms="3141" status="PASS">
          <reporter-output>
          </reporter-output>
        </test-method> <!-- TC_001 -->
      </class> <!-- com.inetBankingProject.test_case.LoginTC_01 -->
    </test> <!-- Default test -->
  </suite> <!-- Default suite -->
</testng-results>
